Imported @electric-sql/pglite module: [Module: null prototype] {
  IdbFs: [class ee extends ur],
  MemoryFS: [class te extends ur],
  Mutex: [class X],
  PGlite: [class ue extends z],
  formatQuery: [AsyncFunction: Pr],
  messages: {
    AuthenticationCleartextPassword: [Getter],
    AuthenticationMD5Password: [Getter],
    AuthenticationOk: [Getter],
    AuthenticationSASL: [Getter],
    AuthenticationSASLContinue: [Getter],
    AuthenticationSASLFinal: [Getter],
    BackendKeyDataMessage: [Getter],
    CommandCompleteMessage: [Getter],
    CopyDataMessage: [Getter],
    CopyResponse: [Getter],
    DataRowMessage: [Getter],
    DatabaseError: [Getter],
    Field: [Getter],
    NoticeMessage: [Getter],
    NotificationResponseMessage: [Getter],
    ParameterDescriptionMessage: [Getter],
    ParameterStatusMessage: [Getter],
    ReadyForQueryMessage: [Getter],
    RowDescriptionMessage: [Getter],
    bindComplete: [Getter],
    closeComplete: [Getter],
    copyDone: [Getter],
    emptyQuery: [Getter],
    noData: [Getter],
    parseComplete: [Getter],
    portalSuspended: [Getter],
    replicationStart: [Getter]
  },
  parse: { parseDescribeStatementResults: [Getter], parseResults: [Getter] },
  protocol: { Parser: [Getter], messages: [Getter], serialize: [Getter] },
  types: {
    ABSTIME: [Getter],
    ACLITEM: [Getter],
    BIT: [Getter],
    BOOL: [Getter],
    BPCHAR: [Getter],
    BYTEA: [Getter],
    CHAR: [Getter],
    CID: [Getter],
    CIDR: [Getter],
    CIRCLE: [Getter],
    DATE: [Getter],
    FLOAT4: [Getter],
    FLOAT8: [Getter],
    GTSVECTOR: [Getter],
    INET: [Getter],
    INT2: [Getter],
    INT4: [Getter],
    INT8: [Getter],
    INTERVAL: [Getter],
    JSON: [Getter],
    JSONB: [Getter],
    MACADDR: [Getter],
    MACADDR8: [Getter],
    MONEY: [Getter],
    NUMERIC: [Getter],
    OID: [Getter],
    PATH: [Getter],
    PG_DEPENDENCIES: [Getter],
    PG_LSN: [Getter],
    PG_NDISTINCT: [Getter],
    PG_NODE_TREE: [Getter],
    POLYGON: [Getter],
    REFCURSOR: [Getter],
    REGCLASS: [Getter],
    REGCONFIG: [Getter],
    REGDICTIONARY: [Getter],
    REGNAMESPACE: [Getter],
    REGOPER: [Getter],
    REGOPERATOR: [Getter],
    REGPROC: [Getter],
    REGPROCEDURE: [Getter],
    REGROLE: [Getter],
    REGTYPE: [Getter],
    RELTIME: [Getter],
    SMGR: [Getter],
    TEXT: [Getter],
    TID: [Getter],
    TIME: [Getter],
    TIMESTAMP: [Getter],
    TIMESTAMPTZ: [Getter],
    TIMETZ: [Getter],
    TINTERVAL: [Getter],
    TSQUERY: [Getter],
    TSVECTOR: [Getter],
    TXID_SNAPSHOT: [Getter],
    UUID: [Getter],
    VARBIT: [Getter],
    VARCHAR: [Getter],
    XID: [Getter],
    XML: [Getter],
    arrayParser: [Getter],
    arraySerializer: [Getter],
    parseType: [Getter],
    parsers: [Getter],
    serializers: [Getter],
    types: [Getter]
  },
  uuid: [Function: Cr]
}
PGLite server listening on ws://localhost:5433
